2021-09-07 23:31:56,715 - INFO Checking requirements
2021-09-07 23:32:04,521 - INFO Building database
2021-09-07 23:32:40,700 - DEBUG Populate: PopulatePictures
2021-09-07 23:32:41,628 - DEBUG Populate: PopulateCurrencies
2021-09-07 23:32:41,916 - DEBUG Populate: PopulateStores
2021-09-07 23:32:42,189 - DEBUG Populate: InstallLanguages
2021-09-07 23:32:42,224 - DEBUG Populate: PopulateMeasureDimensions
2021-09-07 23:32:42,287 - DEBUG Populate: PopulateMeasureWeights
2021-09-07 23:32:42,356 - DEBUG Populate: PopulateTaxCategories
2021-09-07 23:32:42,607 - DEBUG Populate: PopulateCountriesAndStates
2021-09-07 23:32:46,090 - DEBUG Populate: PopulateShippingMethods
2021-09-07 23:32:46,173 - DEBUG Populate: PopulateDeliveryTimes
2021-09-07 23:32:46,246 - DEBUG Populate: PopulateQuantityUnits
2021-09-07 23:32:46,480 - DEBUG Populate: PopulateCustomersAndUsers
2021-09-07 23:32:47,714 - DEBUG Populate: PopulateEmailAccounts
2021-09-07 23:32:47,768 - DEBUG Populate: PopulateMessageTemplates
2021-09-07 23:32:48,322 - DEBUG Populate: PopulateTopics
2021-09-07 23:32:48,913 - DEBUG Populate: PopulateSettings
2021-09-07 23:32:58,687 - DEBUG Populate: PopulateActivityLogTypes
2021-09-07 23:32:59,332 - DEBUG Populate: PopulateCustomersAndUsers
2021-09-07 23:32:59,461 - DEBUG Populate: PopulateProductTemplates
2021-09-07 23:32:59,483 - DEBUG Populate: PopulateCategoryTemplates
2021-09-07 23:32:59,503 - DEBUG Populate: PopulateManufacturerTemplates
2021-09-07 23:32:59,523 - DEBUG Populate: PopulateScheduleTasks
2021-09-07 23:32:59,686 - DEBUG Populate: PopulateLocaleResources
2021-09-07 23:34:08,959 - DEBUG Populate: PopulateMenus
2021-09-07 23:34:09,573 - INFO Seeding sample data
2021-09-07 23:34:09,582 - DEBUG Populate: PopulateSpecificationAttributes
2021-09-07 23:34:11,398 - DEBUG Populate: PopulateProductAttributes
2021-09-07 23:34:11,720 - DEBUG Populate: PopulateProductAttributeOptionsSets
2021-09-07 23:34:11,775 - DEBUG Populate: PopulateProductAttributeOptions
2021-09-07 23:34:11,883 - DEBUG Populate: PopulateCampaigns
2021-09-07 23:34:12,080 - DEBUG Populate: PopulateRuleSets
2021-09-07 23:34:12,387 - DEBUG Populate: PopulateDiscounts
2021-09-07 23:34:12,479 - DEBUG Populate: PopulateCategories
2021-09-07 23:34:15,614 - DEBUG Populate: PopulateManufacturers
2021-09-07 23:34:17,337 - DEBUG Populate: PopulateProducts
2021-09-07 23:34:44,611 - DEBUG Populate: PopulateProductBundleItems
2021-09-07 23:34:45,268 - DEBUG Populate: PopulateProductVariantAttributes
2021-09-07 23:34:51,099 - DEBUG Populate: ProductVariantAttributeCombinations
2021-09-07 23:34:55,097 - DEBUG Populate: PopulateProductTags
2021-09-07 23:34:55,503 - DEBUG Populate: PopulateForumsGroups
2021-09-07 23:34:55,741 - DEBUG Populate: PopulateForums
2021-09-07 23:34:55,891 - DEBUG Populate: PopulateBlogPosts
2021-09-07 23:35:11,575 - DEBUG Populate: PopulateNews
2021-09-07 23:35:16,442 - DEBUG Populate: PopulatePolls
2021-09-07 23:35:16,595 - DEBUG Populate: FinalizeSamples
2021-09-07 23:35:16,630 - DEBUG Populate: MovePictures
2021-09-07 23:35:39,554 - INFO Processing media files
2021-09-07 23:36:11,695 - INFO Finalizing installation
2021-09-07 23:36:11,705 - INFO Installation completed successfully
