SmartStore Verbose: 16 : ===================== APPINIT START
    DateTime=2021-09-07T17:29:45.0499213Z
SmartStore Verbose: 16 : Setting native DLL path to 'C:\Users\zhdru\Downloads\SmartStoreNET-4.1.1\SmartStoreNET-4.1.1\src\Presentation\SmartStore.Web\bin\x86'.
    DateTime=2021-09-07T17:29:45.1649237Z
SmartStore Verbose: 16 : Loaded plugin descriptors. 0 total, 0 incompatible.
    DateTime=2021-09-07T17:29:45.2399167Z
SmartStore Verbose: 16 : INIT PLUGINS (LoadPluginDescriptors). Time elapsed: 72 ms.
    DateTime=2021-09-07T17:29:45.2399167Z
SmartStore Verbose: 16 : Plugin changes detected in hash.
    DateTime=2021-09-07T17:29:45.2499139Z
SmartStore Verbose: 16 : INIT PLUGINS (Deployment complete). Time elapsed: 106 ms.
    DateTime=2021-09-07T17:29:45.2749196Z
SmartStore Verbose: 16 : ===================== APPINIT END
    DateTime=2021-09-07T17:29:45.2749196Z
SmartStore Verbose: 16 : ===================== APPINIT START
    DateTime=2021-09-07T17:29:46.5149167Z
SmartStore Verbose: 16 : Setting native DLL path to 'C:\Users\zhdru\Downloads\SmartStoreNET-4.1.1\SmartStoreNET-4.1.1\src\Presentation\SmartStore.Web\bin\x86'.
    DateTime=2021-09-07T17:29:46.7799198Z
SmartStore Verbose: 16 : Loaded plugin descriptors. 0 total, 0 incompatible.
    DateTime=2021-09-07T17:29:47.2389214Z
SmartStore Verbose: 16 : INIT PLUGINS (LoadPluginDescriptors). Time elapsed: 289 ms.
    DateTime=2021-09-07T17:29:47.2439159Z
SmartStore Verbose: 16 : Plugin changes detected in hash.
    DateTime=2021-09-07T17:29:47.2619167Z
SmartStore Verbose: 16 : INIT PLUGINS (Deployment complete). Time elapsed: 335 ms.
    DateTime=2021-09-07T17:29:47.2899183Z
SmartStore Verbose: 16 : ===================== APPINIT END
    DateTime=2021-09-07T17:29:47.2939202Z
SmartStore Verbose: 16 : ===================== APPINIT START
    DateTime=2021-09-07T17:36:12.6749588Z
SmartStore Verbose: 16 : Setting native DLL path to 'C:\Users\zhdru\Downloads\SmartStoreNET-4.1.1\SmartStoreNET-4.1.1\src\Presentation\SmartStore.Web\bin\x86'.
    DateTime=2021-09-07T17:36:12.7499621Z
SmartStore Verbose: 16 : Loaded plugin descriptors. 0 total, 0 incompatible.
    DateTime=2021-09-07T17:36:12.7749598Z
SmartStore Verbose: 16 : INIT PLUGINS (LoadPluginDescriptors). Time elapsed: 25 ms.
    DateTime=2021-09-07T17:36:12.7839597Z
SmartStore Verbose: 16 : Plugin changes detected in hash.
    DateTime=2021-09-07T17:36:12.7989630Z
SmartStore Verbose: 16 : INIT PLUGINS (Deployment complete). Time elapsed: 59 ms.
    DateTime=2021-09-07T17:36:12.8359653Z
SmartStore Verbose: 16 : ===================== APPINIT END
    DateTime=2021-09-07T17:36:12.8489642Z
SmartStore Verbose: 16 : ===================== APPINIT START
    DateTime=2021-09-07T17:40:51.0656647Z
SmartStore Verbose: 16 : Setting native DLL path to 'C:\Users\zhdru\Downloads\SmartStoreNET-4.1.1\SmartStoreNET-4.1.1\src\Presentation\SmartStore.Web\bin\x86'.
    DateTime=2021-09-07T17:40:51.1016653Z
SmartStore Verbose: 16 : Loaded plugin descriptors. 0 total, 0 incompatible.
    DateTime=2021-09-07T17:40:51.1086663Z
SmartStore Verbose: 16 : INIT PLUGINS (LoadPluginDescriptors). Time elapsed: 6 ms.
    DateTime=2021-09-07T17:40:51.1086663Z
SmartStore Verbose: 16 : INIT PLUGINS (Deployment complete). Time elapsed: 10 ms.
    DateTime=2021-09-07T17:40:51.1136729Z
SmartStore Verbose: 16 : ===================== APPINIT END
    DateTime=2021-09-07T17:40:51.1136729Z
SmartStore Verbose: 16 : ===================== APPINIT START
    DateTime=2021-09-07T17:41:19.1616645Z
SmartStore Verbose: 16 : Setting native DLL path to 'C:\Users\zhdru\Downloads\SmartStoreNET-4.1.1\SmartStoreNET-4.1.1\src\Presentation\SmartStore.Web\bin\x86'.
    DateTime=2021-09-07T17:41:19.1836656Z
SmartStore Verbose: 16 : Loaded plugin descriptors. 0 total, 0 incompatible.
    DateTime=2021-09-07T17:41:19.1876677Z
SmartStore Verbose: 16 : INIT PLUGINS (LoadPluginDescriptors). Time elapsed: 3 ms.
    DateTime=2021-09-07T17:41:19.1876677Z
SmartStore Verbose: 16 : INIT PLUGINS (Deployment complete). Time elapsed: 3 ms.
    DateTime=2021-09-07T17:41:19.1876677Z
SmartStore Verbose: 16 : ===================== APPINIT END
    DateTime=2021-09-07T17:41:19.1876677Z
SmartStore Verbose: 16 : ===================== APPINIT START
    DateTime=2021-09-07T17:45:40.9533426Z
SmartStore Verbose: 16 : Setting native DLL path to 'C:\Users\zhdru\Downloads\SmartStoreNET-4.1.1\SmartStoreNET-4.1.1\src\Presentation\SmartStore.Web\bin\x86'.
    DateTime=2021-09-07T17:45:41.9180190Z
SmartStore Verbose: 16 : Loaded plugin descriptors. 11 total, 0 incompatible.
    DateTime=2021-09-07T17:45:42.2550149Z
SmartStore Verbose: 16 : INIT PLUGINS (LoadPluginDescriptors). Time elapsed: 339 ms.
    DateTime=2021-09-07T17:45:42.2660160Z
SmartStore Verbose: 16 : Plugin changes detected in hash.
    DateTime=2021-09-07T17:45:42.2930137Z
SmartStore Verbose: 16 : INIT PLUGINS (Deployment complete). Time elapsed: 1123 ms.
    DateTime=2021-09-07T17:45:43.0480115Z
SmartStore Verbose: 16 : ===================== APPINIT END
    DateTime=2021-09-07T17:45:43.0530119Z
SmartStore Verbose: 16 : ===================== APPINIT START
    DateTime=2021-09-07T17:53:59.4260099Z
SmartStore Verbose: 16 : Setting native DLL path to 'C:\Users\zhdru\Downloads\SmartStoreNET-4.1.1\SmartStoreNET-4.1.1\src\Presentation\SmartStore.Web\bin\x86'.
    DateTime=2021-09-07T17:53:59.4900151Z
SmartStore Verbose: 16 : Loaded plugin descriptors. 11 total, 0 incompatible.
    DateTime=2021-09-07T17:53:59.5180106Z
SmartStore Verbose: 16 : INIT PLUGINS (LoadPluginDescriptors). Time elapsed: 25 ms.
    DateTime=2021-09-07T17:53:59.5230155Z
SmartStore Verbose: 16 : Plugin changes detected in hash.
    DateTime=2021-09-07T17:53:59.5360134Z
SmartStore Error: 2 : Stale plugin C:\Users\zhdru\AppData\Local\Temp\Temporary ASP.NET Files\vs\fe272758\d5d72706\MiniProfiler.EF6.dll failed to cleanup successfully. A .delete file has been created for it.
    DateTime=2021-09-07T17:53:59.9270103Z
SmartStore Error: 2 : Stale plugin C:\Users\zhdru\AppData\Local\Temp\Temporary ASP.NET Files\vs\fe272758\d5d72706\AmazonPay.dll failed to cleanup successfully. A .delete file has been created for it.
    DateTime=2021-09-07T17:53:59.9700119Z
SmartStore Error: 2 : Stale plugin C:\Users\zhdru\AppData\Local\Temp\Temporary ASP.NET Files\vs\fe272758\d5d72706\SmartStore.PayPal.dll failed to cleanup successfully. A .delete file has been created for it.
    DateTime=2021-09-07T17:54:00.0010144Z
SmartStore Error: 2 : Stale plugin C:\Users\zhdru\AppData\Local\Temp\Temporary ASP.NET Files\vs\fe272758\d5d72706\DotNetOpenAuth.OAuth.Consumer.dll failed to cleanup successfully. A .delete file has been created for it.
    DateTime=2021-09-07T17:54:00.0230114Z
SmartStore Error: 2 : Stale plugin C:\Users\zhdru\AppData\Local\Temp\Temporary ASP.NET Files\vs\fe272758\d5d72706\DotNetOpenAuth.OpenId.RelyingParty.dll failed to cleanup successfully. A .delete file has been created for it.
    DateTime=2021-09-07T17:54:00.0290109Z
SmartStore Error: 2 : Stale plugin C:\Users\zhdru\AppData\Local\Temp\Temporary ASP.NET Files\vs\fe272758\d5d72706\SmartStore.OfflinePayment.dll failed to cleanup successfully. A .delete file has been created for it.
    DateTime=2021-09-07T17:54:00.0350109Z
SmartStore Error: 2 : Stale plugin C:\Users\zhdru\AppData\Local\Temp\Temporary ASP.NET Files\vs\fe272758\d5d72706\SmartStore.FacebookAuth.dll failed to cleanup successfully. A .delete file has been created for it.
    DateTime=2021-09-07T17:54:00.0730113Z
SmartStore Error: 2 : Stale plugin C:\Users\zhdru\AppData\Local\Temp\Temporary ASP.NET Files\vs\fe272758\d5d72706\MiniProfiler.Shared.dll failed to cleanup successfully. A .delete file has been created for it.
    DateTime=2021-09-07T17:54:00.0880141Z
SmartStore Error: 2 : Stale plugin C:\Users\zhdru\AppData\Local\Temp\Temporary ASP.NET Files\vs\fe272758\d5d72706\SmartStore.Tax.dll failed to cleanup successfully. A .delete file has been created for it.
    DateTime=2021-09-07T17:54:00.1620111Z
SmartStore Error: 2 : Stale plugin C:\Users\zhdru\AppData\Local\Temp\Temporary ASP.NET Files\vs\fe272758\d5d72706\Common.Logging.dll failed to cleanup successfully. A .delete file has been created for it.
    DateTime=2021-09-07T17:54:00.2890125Z
SmartStore Error: 2 : Stale plugin C:\Users\zhdru\AppData\Local\Temp\Temporary ASP.NET Files\vs\fe272758\d5d72706\DotNetOpenAuth.AspNet.dll failed to cleanup successfully. A .delete file has been created for it.
    DateTime=2021-09-07T17:54:00.3390112Z
SmartStore Error: 2 : Stale plugin C:\Users\zhdru\AppData\Local\Temp\Temporary ASP.NET Files\vs\fe272758\d5d72706\DotNetOpenAuth.OAuth.dll failed to cleanup successfully. A .delete file has been created for it.
    DateTime=2021-09-07T17:54:00.3440111Z
SmartStore Error: 2 : Stale plugin C:\Users\zhdru\AppData\Local\Temp\Temporary ASP.NET Files\vs\fe272758\d5d72706\Mono.Math.dll failed to cleanup successfully. A .delete file has been created for it.
    DateTime=2021-09-07T17:54:00.4270091Z
SmartStore Error: 2 : Stale plugin C:\Users\zhdru\AppData\Local\Temp\Temporary ASP.NET Files\vs\fe272758\d5d72706\SmartStore.Clickatell.dll failed to cleanup successfully. A .delete file has been created for it.
    DateTime=2021-09-07T17:54:00.4920109Z
SmartStore Error: 2 : Stale plugin C:\Users\zhdru\AppData\Local\Temp\Temporary ASP.NET Files\vs\fe272758\d5d72706\SmartStore.GoogleAnalytics.dll failed to cleanup successfully. A .delete file has been created for it.
    DateTime=2021-09-07T17:54:00.5280106Z
SmartStore Error: 2 : Stale plugin C:\Users\zhdru\AppData\Local\Temp\Temporary ASP.NET Files\vs\fe272758\d5d72706\SmartStore.AmazonPay.dll failed to cleanup successfully. A .delete file has been created for it.
    DateTime=2021-09-07T17:54:00.5430100Z
SmartStore Error: 2 : Stale plugin C:\Users\zhdru\AppData\Local\Temp\Temporary ASP.NET Files\vs\fe272758\d5d72706\SmartStore.DevTools.dll failed to cleanup successfully. A .delete file has been created for it.
    DateTime=2021-09-07T17:54:00.5620098Z
SmartStore Error: 2 : Stale plugin C:\Users\zhdru\AppData\Local\Temp\Temporary ASP.NET Files\vs\fe272758\d5d72706\DotNetOpenAuth.Core.dll failed to cleanup successfully. A .delete file has been created for it.
    DateTime=2021-09-07T17:54:00.5870107Z
SmartStore Error: 2 : Stale plugin C:\Users\zhdru\AppData\Local\Temp\Temporary ASP.NET Files\vs\fe272758\d5d72706\DotNetOpenAuth.OpenId.dll failed to cleanup successfully. A .delete file has been created for it.
    DateTime=2021-09-07T17:54:00.6560112Z
SmartStore Error: 2 : Stale plugin C:\Users\zhdru\AppData\Local\Temp\Temporary ASP.NET Files\vs\fe272758\d5d72706\MiniProfiler.dll failed to cleanup successfully. A .delete file has been created for it.
    DateTime=2021-09-07T17:54:00.6970167Z
SmartStore Error: 2 : Stale plugin C:\Users\zhdru\AppData\Local\Temp\Temporary ASP.NET Files\vs\fe272758\d5d72706\Org.Mentalis.Security.Cryptography.dll failed to cleanup successfully. A .delete file has been created for it.
    DateTime=2021-09-07T17:54:00.7530108Z
SmartStore Error: 2 : Stale plugin C:\Users\zhdru\AppData\Local\Temp\Temporary ASP.NET Files\vs\fe272758\d5d72706\SmartStore.GoogleMerchantCenter.dll failed to cleanup successfully. A .delete file has been created for it.
    DateTime=2021-09-07T17:54:00.7590117Z
SmartStore Error: 2 : Stale plugin C:\Users\zhdru\AppData\Local\Temp\Temporary ASP.NET Files\vs\fe272758\d5d72706\SmartStore.Shipping.dll failed to cleanup successfully. A .delete file has been created for it.
    DateTime=2021-09-07T17:54:00.7680119Z
SmartStore Error: 2 : Stale plugin C:\Users\zhdru\AppData\Local\Temp\Temporary ASP.NET Files\vs\fe272758\d5d72706\SmartStore.ShippingByWeight.dll failed to cleanup successfully. A .delete file has been created for it.
    DateTime=2021-09-07T17:54:00.8140134Z
SmartStore Verbose: 16 : INIT PLUGINS (Deployment complete). Time elapsed: 2961 ms.
    DateTime=2021-09-07T17:54:02.4590113Z
SmartStore Verbose: 16 : ===================== APPINIT END
    DateTime=2021-09-07T17:54:02.4650108Z
SmartStore Verbose: 16 : ===================== APPINIT START
    DateTime=2021-09-07T18:56:30.8752317Z
SmartStore Verbose: 16 : Setting native DLL path to 'C:\Users\zhdru\Downloads\SmartStoreNET-4.1.1\SmartStoreNET-4.1.1\src\Presentation\SmartStore.Web\bin\x86'.
    DateTime=2021-09-07T18:56:30.9572284Z
SmartStore Verbose: 16 : Loaded plugin descriptors. 11 total, 0 incompatible.
    DateTime=2021-09-07T18:56:31.0372293Z
SmartStore Verbose: 16 : INIT PLUGINS (LoadPluginDescriptors). Time elapsed: 76 ms.
    DateTime=2021-09-07T18:56:31.0462268Z
SmartStore Verbose: 16 : Plugin changes detected in hash.
    DateTime=2021-09-07T18:56:31.0652278Z
SmartStore Verbose: 16 : INIT PLUGINS (Deployment complete). Time elapsed: 715 ms.
    DateTime=2021-09-07T18:56:31.6832263Z
SmartStore Verbose: 16 : ===================== APPINIT END
    DateTime=2021-09-07T18:56:31.6882264Z
SmartStore Verbose: 16 : ===================== APPINIT START
    DateTime=2021-09-07T19:10:56.5199216Z
SmartStore Verbose: 16 : Setting native DLL path to 'C:\Users\zhdru\Downloads\SmartStoreNET-4.1.1\SmartStoreNET-4.1.1\src\Presentation\SmartStore.Web\bin\x86'.
    DateTime=2021-09-07T19:10:56.9919179Z
SmartStore Verbose: 16 : Loaded plugin descriptors. 11 total, 0 incompatible.
    DateTime=2021-09-07T19:10:57.3579176Z
SmartStore Verbose: 16 : INIT PLUGINS (LoadPluginDescriptors). Time elapsed: 288 ms.
    DateTime=2021-09-07T19:10:57.4219197Z
SmartStore Verbose: 16 : Plugin changes detected in hash.
    DateTime=2021-09-07T19:10:57.5559205Z
SmartStore Error: 2 : Stale plugin C:\Users\zhdru\AppData\Local\Temp\Temporary ASP.NET Files\vs\fe272758\d5d72706\SmartStore.PayPal.dll failed to cleanup successfully. A .delete file has been created for it.
    DateTime=2021-09-07T19:10:57.9279180Z
SmartStore Error: 2 : Stale plugin C:\Users\zhdru\AppData\Local\Temp\Temporary ASP.NET Files\vs\fe272758\d5d72706\DotNetOpenAuth.OpenId.RelyingParty.dll failed to cleanup successfully. A .delete file has been created for it.
    DateTime=2021-09-07T19:10:58.0599154Z
SmartStore Error: 2 : Stale plugin C:\Users\zhdru\AppData\Local\Temp\Temporary ASP.NET Files\vs\fe272758\d5d72706\DotNetOpenAuth.OAuth.Consumer.dll failed to cleanup successfully. A .delete file has been created for it.
    DateTime=2021-09-07T19:10:58.1239186Z
SmartStore Error: 2 : Stale plugin C:\Users\zhdru\AppData\Local\Temp\Temporary ASP.NET Files\vs\fe272758\d5d72706\AmazonPay.dll failed to cleanup successfully. A .delete file has been created for it.
    DateTime=2021-09-07T19:10:58.2159178Z
SmartStore Error: 2 : Stale plugin C:\Users\zhdru\AppData\Local\Temp\Temporary ASP.NET Files\vs\fe272758\d5d72706\DotNetOpenAuth.AspNet.dll failed to cleanup successfully. A .delete file has been created for it.
    DateTime=2021-09-07T19:10:58.2199156Z
SmartStore Error: 2 : Stale plugin C:\Users\zhdru\AppData\Local\Temp\Temporary ASP.NET Files\vs\fe272758\d5d72706\SmartStore.FacebookAuth.dll failed to cleanup successfully. A .delete file has been created for it.
    DateTime=2021-09-07T19:10:58.2519199Z
SmartStore Error: 2 : Stale plugin C:\Users\zhdru\AppData\Local\Temp\Temporary ASP.NET Files\vs\fe272758\d5d72706\DotNetOpenAuth.OAuth.dll failed to cleanup successfully. A .delete file has been created for it.
    DateTime=2021-09-07T19:10:58.4939171Z
SmartStore Error: 2 : Stale plugin C:\Users\zhdru\AppData\Local\Temp\Temporary ASP.NET Files\vs\fe272758\d5d72706\MiniProfiler.EF6.dll failed to cleanup successfully. A .delete file has been created for it.
    DateTime=2021-09-07T19:10:58.5979207Z
SmartStore Error: 2 : Stale plugin C:\Users\zhdru\AppData\Local\Temp\Temporary ASP.NET Files\vs\fe272758\d5d72706\Mono.Math.dll failed to cleanup successfully. A .delete file has been created for it.
    DateTime=2021-09-07T19:10:58.6229188Z
SmartStore Error: 2 : Stale plugin C:\Users\zhdru\AppData\Local\Temp\Temporary ASP.NET Files\vs\fe272758\d5d72706\DotNetOpenAuth.Core.dll failed to cleanup successfully. A .delete file has been created for it.
    DateTime=2021-09-07T19:10:58.6679198Z
SmartStore Error: 2 : Stale plugin C:\Users\zhdru\AppData\Local\Temp\Temporary ASP.NET Files\vs\fe272758\d5d72706\Common.Logging.dll failed to cleanup successfully. A .delete file has been created for it.
    DateTime=2021-09-07T19:10:58.7549185Z
SmartStore Error: 2 : Stale plugin C:\Users\zhdru\AppData\Local\Temp\Temporary ASP.NET Files\vs\fe272758\d5d72706\SmartStore.GoogleAnalytics.dll failed to cleanup successfully. A .delete file has been created for it.
    DateTime=2021-09-07T19:10:58.8529193Z
SmartStore Error: 2 : Stale plugin C:\Users\zhdru\AppData\Local\Temp\Temporary ASP.NET Files\vs\fe272758\d5d72706\SmartStore.Clickatell.dll failed to cleanup successfully. A .delete file has been created for it.
    DateTime=2021-09-07T19:10:58.9299177Z
SmartStore Error: 2 : Stale plugin C:\Users\zhdru\AppData\Local\Temp\Temporary ASP.NET Files\vs\fe272758\d5d72706\DotNetOpenAuth.OpenId.dll failed to cleanup successfully. A .delete file has been created for it.
    DateTime=2021-09-07T19:10:58.9759192Z
SmartStore Error: 2 : Stale plugin C:\Users\zhdru\AppData\Local\Temp\Temporary ASP.NET Files\vs\fe272758\d5d72706\SmartStore.Tax.dll failed to cleanup successfully. A .delete file has been created for it.
    DateTime=2021-09-07T19:10:59.0219162Z
SmartStore Error: 2 : Stale plugin C:\Users\zhdru\AppData\Local\Temp\Temporary ASP.NET Files\vs\fe272758\d5d72706\SmartStore.AmazonPay.dll failed to cleanup successfully. A .delete file has been created for it.
    DateTime=2021-09-07T19:10:59.0499161Z
SmartStore Error: 2 : Stale plugin C:\Users\zhdru\AppData\Local\Temp\Temporary ASP.NET Files\vs\fe272758\d5d72706\Org.Mentalis.Security.Cryptography.dll failed to cleanup successfully. A .delete file has been created for it.
    DateTime=2021-09-07T19:10:59.0559205Z
SmartStore Error: 2 : Stale plugin C:\Users\zhdru\AppData\Local\Temp\Temporary ASP.NET Files\vs\fe272758\d5d72706\MiniProfiler.Shared.dll failed to cleanup successfully. A .delete file has been created for it.
    DateTime=2021-09-07T19:10:59.0619168Z
SmartStore Verbose: 16 : INIT PLUGINS (Deployment complete). Time elapsed: 2398 ms.
    DateTime=2021-09-07T19:10:59.5259171Z
SmartStore Verbose: 16 : ===================== APPINIT END
    DateTime=2021-09-07T19:10:59.5309192Z
SmartStore Verbose: 16 : ===================== APPINIT START
    DateTime=2021-09-07T19:14:13.5209224Z
SmartStore Verbose: 16 : Setting native DLL path to 'C:\Users\zhdru\Downloads\SmartStoreNET-4.1.1\SmartStoreNET-4.1.1\src\Presentation\SmartStore.Web\bin\x86'.
    DateTime=2021-09-07T19:14:13.5879163Z
SmartStore Verbose: 16 : Loaded plugin descriptors. 11 total, 0 incompatible.
    DateTime=2021-09-07T19:14:13.6119163Z
SmartStore Verbose: 16 : INIT PLUGINS (LoadPluginDescriptors). Time elapsed: 22 ms.
    DateTime=2021-09-07T19:14:13.6179194Z
SmartStore Verbose: 16 : Plugin changes detected in hash.
    DateTime=2021-09-07T19:14:13.6299196Z
SmartStore Verbose: 16 : INIT PLUGINS (Deployment complete). Time elapsed: 571 ms.
    DateTime=2021-09-07T19:14:14.1669177Z
SmartStore Verbose: 16 : ===================== APPINIT END
    DateTime=2021-09-07T19:14:14.1739166Z
SmartStore Verbose: 16 : ===================== APPINIT START
    DateTime=2021-09-07T19:33:32.3759011Z
SmartStore Verbose: 16 : Setting native DLL path to 'C:\Users\zhdru\Downloads\SmartStoreNET-4.1.1\SmartStoreNET-4.1.1\src\Presentation\SmartStore.Web\bin\x86'.
    DateTime=2021-09-07T19:33:32.4059101Z
SmartStore Verbose: 16 : Loaded plugin descriptors. 11 total, 0 incompatible.
    DateTime=2021-09-07T19:33:32.4619028Z
SmartStore Verbose: 16 : INIT PLUGINS (LoadPluginDescriptors). Time elapsed: 54 ms.
    DateTime=2021-09-07T19:33:32.4619028Z
SmartStore Verbose: 16 : INIT PLUGINS (Deployment complete). Time elapsed: 229 ms.
    DateTime=2021-09-07T19:33:32.6369012Z
SmartStore Verbose: 16 : ===================== APPINIT END
    DateTime=2021-09-07T19:33:32.6379029Z
SmartStore Verbose: 16 : ===================== APPINIT START
    DateTime=2021-09-07T19:53:04.4348890Z
SmartStore Verbose: 16 : Setting native DLL path to 'C:\Users\zhdru\Downloads\SmartStoreNET-4.1.1\SmartStoreNET-4.1.1\src\Presentation\SmartStore.Web\bin\x86'.
    DateTime=2021-09-07T19:53:04.6438886Z
SmartStore Verbose: 16 : Loaded plugin descriptors. 11 total, 0 incompatible.
    DateTime=2021-09-07T19:53:05.2248874Z
SmartStore Verbose: 16 : INIT PLUGINS (LoadPluginDescriptors). Time elapsed: 583 ms.
    DateTime=2021-09-07T19:53:05.2338891Z
SmartStore Verbose: 16 : INIT PLUGINS (Deployment complete). Time elapsed: 1550 ms.
    DateTime=2021-09-07T19:53:06.2021389Z
SmartStore Verbose: 16 : ===================== APPINIT END
    DateTime=2021-09-07T19:53:06.2112022Z
SmartStore Verbose: 16 : ===================== APPINIT START
    DateTime=2021-09-07T20:51:42.1854185Z
SmartStore Verbose: 16 : Setting native DLL path to 'C:\Users\zhdru\Downloads\SmartStoreNET-4.1.1\SmartStoreNET-4.1.1\src\Presentation\SmartStore.Web\bin\x86'.
    DateTime=2021-09-07T20:51:42.2804197Z
SmartStore Verbose: 16 : Loaded plugin descriptors. 11 total, 0 incompatible.
    DateTime=2021-09-07T20:51:42.3434235Z
SmartStore Verbose: 16 : INIT PLUGINS (LoadPluginDescriptors). Time elapsed: 60 ms.
    DateTime=2021-09-07T20:51:42.3434235Z
SmartStore Verbose: 16 : INIT PLUGINS (Deployment complete). Time elapsed: 177 ms.
    DateTime=2021-09-07T20:51:42.4604209Z
SmartStore Verbose: 16 : ===================== APPINIT END
    DateTime=2021-09-07T20:51:42.4604209Z
SmartStore Verbose: 16 : ===================== APPINIT START
    DateTime=2021-09-07T20:57:01.1870662Z
SmartStore Verbose: 16 : Setting native DLL path to 'C:\Users\zhdru\Downloads\SmartStoreNET-4.1.1\SmartStoreNET-4.1.1\src\Presentation\SmartStore.Web\bin\x86'.
    DateTime=2021-09-07T20:57:01.3310682Z
SmartStore Verbose: 16 : Loaded plugin descriptors. 11 total, 0 incompatible.
    DateTime=2021-09-07T20:57:01.4380658Z
SmartStore Verbose: 16 : INIT PLUGINS (LoadPluginDescriptors). Time elapsed: 104 ms.
    DateTime=2021-09-07T20:57:01.4410652Z
SmartStore Verbose: 16 : INIT PLUGINS (Deployment complete). Time elapsed: 404 ms.
    DateTime=2021-09-07T20:57:01.7420754Z
SmartStore Verbose: 16 : ===================== APPINIT END
    DateTime=2021-09-07T20:57:01.7450665Z
SmartStore Verbose: 16 : ===================== APPINIT START
    DateTime=2021-09-07T20:58:44.9161760Z
SmartStore Verbose: 16 : Setting native DLL path to 'C:\Users\zhdru\Downloads\SmartStoreNET-4.1.1\SmartStoreNET-4.1.1\src\Presentation\SmartStore.Web\bin\x86'.
    DateTime=2021-09-07T20:58:45.1391720Z
SmartStore Verbose: 16 : Loaded plugin descriptors. 11 total, 0 incompatible.
    DateTime=2021-09-07T20:58:45.2881743Z
SmartStore Verbose: 16 : INIT PLUGINS (LoadPluginDescriptors). Time elapsed: 147 ms.
    DateTime=2021-09-07T20:58:45.2921723Z
SmartStore Verbose: 16 : INIT PLUGINS (Deployment complete). Time elapsed: 604 ms.
    DateTime=2021-09-07T20:58:45.7491725Z
SmartStore Verbose: 16 : ===================== APPINIT END
    DateTime=2021-09-07T20:58:45.7531736Z
